# JRE version: OpenJDK Runtime Environment (8.0_242-b01) (build 1.8.0_242-release-1644-b01)
# Java VM: OpenJDK 64-Bit Server VM (25.242-b01 mixed mode windows-amd64 compressed oops)
Heap:
 PSYoungGen      total 515584K, used 449968K [0x00000000d5580000, 0x00000000ffe00000, 0x0000000100000000)
  eden space 472064K, 86% used [0x00000000d5580000,0x00000000ee272b28,0x00000000f2280000)
  from space 43520K, 99% used [0x00000000f2280000,0x00000000f4cf95b8,0x00000000f4d00000)
  to   space 64000K, 0% used [0x00000000fbf80000,0x00000000fbf80000,0x00000000ffe00000)
 ParOldGen       total 237056K, used 113012K [0x0000000080000000, 0x000000008e780000, 0x00000000d5580000)
  object space 237056K, 47% used [0x0000000080000000,0x0000000086e5d040,0x000000008e780000)
 Metaspace       used 107474K, capacity 113220K, committed 113428K, reserved 1146880K
  class space    used 14228K, capacity 15367K, committed 15420K, reserved 1048576K
GC Heap History (10 events):
Event: 15.702 GC heap before
{Heap before GC invocations=13 (full 3):
 PSYoungGen      total 340992K, used 324096K [0x00000000d5580000, 0x00000000f1300000, 0x0000000100000000)
  eden space 324096K, 100% used [0x00000000d5580000,0x00000000e9200000,0x00000000e9200000)
  from space 16896K, 0% used [0x00000000e9200000,0x00000000e9200000,0x00000000ea280000)
  to   space 24064K, 0% used [0x00000000efb80000,0x00000000efb80000,0x00000000f1300000)
 ParOldGen       total 150528K, used 42218K [0x0000000080000000, 0x0000000089300000, 0x00000000d5580000)
  object space 150528K, 28% used [0x0000000080000000,0x000000008293aae0,0x0000000089300000)
 Metaspace       used 74502K, capacity 78098K, committed 78356K, reserved 1116160K
  class space    used 10260K, capacity 10978K, committed 11068K, reserved 1048576K
Event: 15.735 GC heap after
Heap after GC invocations=13 (full 3):
 PSYoungGen      total 425984K, used 24046K [0x00000000d5580000, 0x00000000f1d00000, 0x0000000100000000)
  eden space 401920K, 0% used [0x00000000d5580000,0x00000000d5580000,0x00000000ede00000)
  from space 24064K, 99% used [0x00000000efb80000,0x00000000f12fb918,0x00000000f1300000)
  to   space 30208K, 0% used [0x00000000ede00000,0x00000000ede00000,0x00000000efb80000)
 ParOldGen       total 150528K, used 49534K [0x0000000080000000, 0x0000000089300000, 0x00000000d5580000)
  object space 150528K, 32% used [0x0000000080000000,0x000000008305f9a0,0x0000000089300000)
 Metaspace       used 74502K, capacity 78098K, committed 78356K, reserved 1116160K
  class space    used 10260K, capacity 10978K, committed 11068K, reserved 1048576K
}
Event: 325.780 GC heap before
{Heap before GC invocations=14 (full 3):
 PSYoungGen      total 425984K, used 425966K [0x00000000d5580000, 0x00000000f1d00000, 0x0000000100000000)
  eden space 401920K, 100% used [0x00000000d5580000,0x00000000ede00000,0x00000000ede00000)
  from space 24064K, 99% used [0x00000000efb80000,0x00000000f12fb918,0x00000000f1300000)
  to   space 30208K, 0% used [0x00000000ede00000,0x00000000ede00000,0x00000000efb80000)
 ParOldGen       total 150528K, used 49534K [0x0000000080000000, 0x0000000089300000, 0x00000000d5580000)
  object space 150528K, 32% used [0x0000000080000000,0x000000008305f9a0,0x0000000089300000)
 Metaspace       used 90926K, capacity 95728K, committed 96020K, reserved 1132544K
  class space    used 12066K, capacity 13042K, committed 13116K, reserved 1048576K
Event: 325.819 GC heap after
Heap after GC invocations=14 (full 3):
 PSYoungGen      total 432128K, used 30201K [0x00000000d5580000, 0x00000000f8400000, 0x0000000100000000)
  eden space 401920K, 0% used [0x00000000d5580000,0x00000000d5580000,0x00000000ede00000)
  from space 30208K, 99% used [0x00000000ede00000,0x00000000efb7e668,0x00000000efb80000)
  to   space 42496K, 0% used [0x00000000f5a80000,0x00000000f5a80000,0x00000000f8400000)
 ParOldGen       total 150528K, used 70742K [0x0000000080000000, 0x0000000089300000, 0x00000000d5580000)
  object space 150528K, 46% used [0x0000000080000000,0x0000000084515ba0,0x0000000089300000)
 Metaspace       used 90926K, capacity 95728K, committed 96020K, reserved 1132544K
  class space    used 12066K, capacity 13042K, committed 13116K, reserved 1048576K
}
Event: 1020.017 GC heap before
{Heap before GC invocations=15 (full 3):
 PSYoungGen      total 432128K, used 236841K [0x00000000d5580000, 0x00000000f8400000, 0x0000000100000000)
  eden space 401920K, 51% used [0x00000000d5580000,0x00000000e1f4bfe0,0x00000000ede00000)
  from space 30208K, 99% used [0x00000000ede00000,0x00000000efb7e668,0x00000000efb80000)
  to   space 42496K, 0% used [0x00000000f5a80000,0x00000000f5a80000,0x00000000f8400000)
 ParOldGen       total 150528K, used 70742K [0x0000000080000000, 0x0000000089300000, 0x00000000d5580000)
  object space 150528K, 46% used [0x0000000080000000,0x0000000084515ba0,0x0000000089300000)
 Metaspace       used 93263K, capacity 98242K, committed 98324K, reserved 1134592K
  class space    used 12337K, capacity 13365K, committed 13372K, reserved 1048576K
Event: 1020.103 GC heap after
Heap after GC invocations=15 (full 3):
 PSYoungGen      total 501760K, used 27344K [0x00000000d5580000, 0x00000000f7780000, 0x0000000100000000)
  eden space 472064K, 0% used [0x00000000d5580000,0x00000000d5580000,0x00000000f2280000)
  from space 29696K, 92% used [0x00000000f5a80000,0x00000000f75342b8,0x00000000f7780000)
  to   space 43520K, 0% used [0x00000000f2280000,0x00000000f2280000,0x00000000f4d00000)
 ParOldGen       total 150528K, used 92126K [0x0000000080000000, 0x0000000089300000, 0x00000000d5580000)
  object space 150528K, 61% used [0x0000000080000000,0x00000000859f7808,0x0000000089300000)
 Metaspace       used 93263K, capacity 98242K, committed 98324K, reserved 1134592K
  class space    used 12337K, capacity 13365K, committed 13372K, reserved 1048576K
}
Event: 1020.103 GC heap before
{Heap before GC invocations=16 (full 4):
 PSYoungGen      total 501760K, used 27344K [0x00000000d5580000, 0x00000000f7780000, 0x0000000100000000)
  eden space 472064K, 0% used [0x00000000d5580000,0x00000000d5580000,0x00000000f2280000)
  from space 29696K, 92% used [0x00000000f5a80000,0x00000000f75342b8,0x00000000f7780000)
  to   space 43520K, 0% used [0x00000000f2280000,0x00000000f2280000,0x00000000f4d00000)
 ParOldGen       total 150528K, used 92126K [0x0000000080000000, 0x0000000089300000, 0x00000000d5580000)
  object space 150528K, 61% used [0x0000000080000000,0x00000000859f7808,0x0000000089300000)
 Metaspace       used 93263K, capacity 98242K, committed 98324K, reserved 1134592K
  class space    used 12337K, capacity 13365K, committed 13372K, reserved 1048576K
Event: 1020.558 GC heap after
Heap after GC invocations=16 (full 4):
 PSYoungGen      total 501760K, used 0K [0x00000000d5580000, 0x00000000f7780000, 0x0000000100000000)
  eden space 472064K, 0% used [0x00000000d5580000,0x00000000d5580000,0x00000000f2280000)
  from space 29696K, 0% used [0x00000000f5a80000,0x00000000f5a80000,0x00000000f7780000)
  to   space 43520K, 0% used [0x00000000f2280000,0x00000000f2280000,0x00000000f4d00000)
 ParOldGen       total 237056K, used 76799K [0x0000000080000000, 0x000000008e780000, 0x00000000d5580000)
  object space 237056K, 32% used [0x0000000080000000,0x0000000084affda8,0x000000008e780000)
 Metaspace       used 93045K, capacity 97594K, committed 98324K, reserved 1134592K
  class space    used 12269K, capacity 13223K, committed 13372K, reserved 1048576K
}
Event: 1028.205 GC heap before
{Heap before GC invocations=17 (full 4):
 PSYoungGen      total 501760K, used 472064K [0x00000000d5580000, 0x00000000f7780000, 0x0000000100000000)
  eden space 472064K, 100% used [0x00000000d5580000,0x00000000f2280000,0x00000000f2280000)
  from space 29696K, 0% used [0x00000000f5a80000,0x00000000f5a80000,0x00000000f7780000)
  to   space 43520K, 0% used [0x00000000f2280000,0x00000000f2280000,0x00000000f4d00000)
 ParOldGen       total 237056K, used 76799K [0x0000000080000000, 0x000000008e780000, 0x00000000d5580000)
  object space 237056K, 32% used [0x0000000080000000,0x0000000084affda8,0x000000008e780000)
 Metaspace       used 101571K, capacity 106682K, committed 107028K, reserved 1142784K
  class space    used 13459K, capacity 14513K, committed 14652K, reserved 1048576K
Event: 1028.287 GC heap after
Heap after GC invocations=17 (full 4):
 PSYoungGen      total 515584K, used 43493K [0x00000000d5580000, 0x00000000ffe00000, 0x0000000100000000)
  eden space 472064K, 0% used [0x00000000d5580000,0x00000000d5580000,0x00000000f2280000)
  from space 43520K, 99% used [0x00000000f2280000,0x00000000f4cf95b8,0x00000000f4d00000)
  to   space 64000K, 0% used [0x00000000fbf80000,0x00000000fbf80000,0x00000000ffe00000)
 ParOldGen       total 237056K, used 113012K [0x0000000080000000, 0x000000008e780000, 0x00000000d5580000)
  object space 237056K, 47% used [0x0000000080000000,0x0000000086e5d040,0x000000008e780000)
 Metaspace       used 101571K, capacity 106682K, committed 107028K, reserved 1142784K
  class space    used 13459K, capacity 14513K, committed 14652K, reserved 1048576K
}

